Quick-Cocos2dx-Community C++ support ready.

------------------------------------------------

LOAD LUA FILE: D:/quick-cocos2dx/neverhide/src/main.lua

------------------------------------------------

[LUA-print] ===========================================================

[LUA-print]               LOAD QUICK FRAMEWORK

[LUA-print] ===========================================================

[LUA-print] [INFO] 

[LUA-print] [INFO] # DEBUG                        = 1

[LUA-print] [INFO] #

[LUA-print] [INFO] # device.platform              = windows

[LUA-print] [INFO] # device.model                 = unknown

[LUA-print] [INFO] # device.language              = cn

[LUA-print] [INFO] # device.writablePath          = D:\quick-cocos2dx\neverhide\

[LUA-print] [INFO] # device.directorySeparator    = \

[LUA-print] [INFO] # device.pathSeparator         = ;

[LUA-print] [INFO] #

[LUA-print] [INFO] # CONFIG_SCREEN_AUTOSCALE      = FIXED_HEIGHT

[LUA-print] [INFO] # CONFIG_SCREEN_WIDTH          = 1136.00

[LUA-print] [INFO] # CONFIG_SCREEN_HEIGHT         = 640.00

[LUA-print] [INFO] # display.widthInPixels        = 1136.00

[LUA-print] [INFO] # display.heightInPixels       = 640.00

[LUA-print] [INFO] # display.contentScaleFactor   = 1.00

[LUA-print] [INFO] # display.width                = 1136.00

[LUA-print] [INFO] # display.height               = 640.00

[LUA-print] [INFO] # display.cx                   = 568.00

[LUA-print] [INFO] # display.cy                   = 320.00

[LUA-print] [INFO] # display.left                 = 0.00

[LUA-print] [INFO] # display.right                = 1136.00

[LUA-print] [INFO] # display.top                  = 640.00

[LUA-print] [INFO] # display.bottom               = 0.00

[LUA-print] [INFO] # display.c_left               = -568.00

[LUA-print] [INFO] # display.c_right              = 568.00

[LUA-print] [INFO] # display.c_top                = 320.00

[LUA-print] [INFO] # display.c_bottom             = -320.00

[LUA-print] [INFO] #

[LUA-print] run

[LUA-print] main

[LUA-print] dump from: [string "D:/quick-cocos2dx/neverhide/src/app/scenes/ne..."]:126: in function 'resolvingPro'

[LUA-print] - "<var>" = {

[LUA-print] -     "1" = {

[LUA-print] -         "colorID" = "30001"

[LUA-print] -         "type"    = "block"

[LUA-print] -     }

[LUA-print] -     "2" = {

[LUA-print] -         "colorID" = "30002"

[LUA-print] -         "type"    = "block"

[LUA-print] -     }

[LUA-print] -     "3" = {

[LUA-print] -         "colorID" = "30003"

[LUA-print] -         "type"    = "block"

[LUA-print] -     }

[LUA-print] -     "4" = {

[LUA-print] -         "colorID" = "30003"

[LUA-print] -         "type"    = "color_change"

[LUA-print] -     }

[LUA-print] -     "5" = {

[LUA-print] -         "colorID" = "30002"

[LUA-print] -         "type"    = "color_change"

[LUA-print] -     }

[LUA-print] -     "6" = {

[LUA-print] -         "colorID" = "30001"

[LUA-print] -         "type"    = "color_change"

[LUA-print] -     }

[LUA-print] - }

[LUA-print] dump from: [string "D:/quick-cocos2dx/neverhide/src/app/scenes/ne..."]:126: in function 'resolvingPro'

[LUA-print] - "<var>" = {

[LUA-print] -     "1" = {

[LUA-print] -         "colorID" = "30001"

[LUA-print] -         "type"    = "block"

[LUA-print] -     }

[LUA-print] -     "2" = {

[LUA-print] -         "colorID" = "30002"

[LUA-print] -         "type"    = "block"

[LUA-print] -     }

[LUA-print] -     "3" = {

[LUA-print] -         "colorID" = "30003"

[LUA-print] -         "type"    = "block"

[LUA-print] -     }

[LUA-print] -     "4" = {

[LUA-print] -         "colorID" = "30003"

[LUA-print] -         "type"    = "color_change"

[LUA-print] -     }

[LUA-print] -     "5" = {

[LUA-print] -         "colorID" = "30002"

[LUA-print] -         "type"    = "color_change"

[LUA-print] -     }

[LUA-print] -     "6" = {

[LUA-print] -         "colorID" = "30001"

[LUA-print] -         "type"    = "color_change"

[LUA-print] -     }

[LUA-print] - }

[LUA-print] dump from: [string "D:/quick-cocos2dx/neverhide/src/app/scenes/ne..."]:73: in function 'listener_'

[LUA-print] - "<var>" = {

[LUA-print] -     "mode"   = 0

[LUA-print] -     "name"   = "began"

[LUA-print] -     "phase"  = "targeting"

[LUA-print] -     "points" = {

[LUA-print] -         "0" = {

[LUA-print] -             "id"    = "0"

[LUA-print] -             "prevX" = 147.00001525879

[LUA-print] -             "prevY" = 279.00003051758

[LUA-print] -             "x"     = 147.00001525879

[LUA-print] -             "y"     = 279.00003051758

[LUA-print] -         }

[LUA-print] -     }

[LUA-print] - }

[LUA-print] dump from: [string "D:/quick-cocos2dx/neverhide/src/app/scenes/ne..."]:73: in function 'listener_'

[LUA-print] - "<var>" = {

[LUA-print] -     "mode"   = 0

[LUA-print] -     "name"   = "moved"

[LUA-print] -     "phase"  = "targeting"

[LUA-print] -     "points" = {

[LUA-print] -         "0" = {

[LUA-print] -             "id"    = "0"

[LUA-print] -             "prevX" = 147.00001525879

[LUA-print] -             "prevY" = 279.00003051758

[LUA-print] -             "x"     = 147.00001525879

[LUA-print] -             "y"     = 278.00003051758

[LUA-print] -         }

[LUA-print] -     }

[LUA-print] - }

[LUA-print] dump from: [string "D:/quick-cocos2dx/neverhide/src/app/scenes/ne..."]:73: in function 'listener_'

[LUA-print] - "<var>" = {

[LUA-print] -     "mode"   = 0

[LUA-print] -     "name"   = "moved"

[LUA-print] -     "phase"  = "targeting"

[LUA-print] -     "points" = {

[LUA-print] -         "0" = {

[LUA-print] -             "id"    = "0"

[LUA-print] -             "prevX" = 147.00001525879

[LUA-print] -             "prevY" = 278.00003051758

[LUA-print] -             "x"     = 148.00001525879

[LUA-print] -             "y"     = 278.00003051758

[LUA-print] -         }

[LUA-print] -     }

[LUA-print] - }

[LUA-print] dump from: [string "D:/quick-cocos2dx/neverhide/src/app/scenes/ne..."]:73: in function 'listener_'

[LUA-print] - "<var>" = {

[LUA-print] -     "mode"   = 0

[LUA-print] -     "name"   = "moved"

[LUA-print] -     "phase"  = "targeting"

[LUA-print] -     "points" = {

[LUA-print] -         "0" = {

[LUA-print] -             "id"    = "0"

[LUA-print] -             "prevX" = 148.00001525879

[LUA-print] -             "prevY" = 278.00003051758

[LUA-print] -             "x"     = 149.00004577637

[LUA-print] -             "y"     = 278.00003051758

[LUA-print] -         }

[LUA-print] -     }

[LUA-print] - }

[LUA-print] dump from: [string "D:/quick-cocos2dx/neverhide/src/app/scenes/ne..."]:73: in function 'listener_'

[LUA-print] - "<var>" = {

[LUA-print] -     "mode"   = 0

[LUA-print] -     "name"   = "ended"

[LUA-print] -     "phase"  = "targeting"

[LUA-print] -     "points" = {

[LUA-print] -         "0" = {

[LUA-print] -             "id"    = "0"

[LUA-print] -             "prevX" = 149.00004577637

[LUA-print] -             "prevY" = 278.00003051758

[LUA-print] -             "x"     = 149.00004577637

[LUA-print] -             "y"     = 278.00003051758

[LUA-print] -         }

[LUA-print] -     }

[LUA-print] - }

[LUA-print] dump from: [string "D:/quick-cocos2dx/neverhide/src/app/scenes/ne..."]:49: in function 'listener_'

[LUA-print] - "<var>" = {

[LUA-print] -     "code" = 27

[LUA-print] -     "key"  = "27"

[LUA-print] - }

[LUA-print] dump from: [string "D:/quick-cocos2dx/neverhide/src/app/scenes/ne..."]:49: in function 'listener_'

[LUA-print] - "<var>" = {

[LUA-print] -     "code" = 27

[LUA-print] -     "key"  = "27"

[LUA-print] - }

[LUA-print] dump from: [string "D:/quick-cocos2dx/neverhide/src/app/scenes/ne..."]:49: in function 'listener_'

[LUA-print] - "<var>" = {

[LUA-print] -     "code" = 59

[LUA-print] -     "key"  = "59"

[LUA-print] - }

[LUA-print] dump from: [string "D:/quick-cocos2dx/neverhide/src/app/scenes/ne..."]:49: in function 'listener_'

[LUA-print] - "<var>" = {

[LUA-print] -     "code" = 59

[LUA-print] -     "key"  = "59"

[LUA-print] - }

[LUA-print] dump from: [string "D:/quick-cocos2dx/neverhide/src/app/scenes/ne..."]:49: in function 'listener_'

[LUA-print] - "<var>" = {

[LUA-print] -     "code" = 59

[LUA-print] -     "key"  = "59"

[LUA-print] - }

[LUA-print] dump from: [string "D:/quick-cocos2dx/neverhide/src/app/scenes/ne..."]:49: in function 'listener_'

[LUA-print] - "<var>" = {

[LUA-print] -     "code" = 59

[LUA-print] -     "key"  = "59"

[LUA-print] - }

[LUA-print] dump from: [string "D:/quick-cocos2dx/neverhide/src/app/scenes/ne..."]:49: in function 'listener_'

[LUA-print] - "<var>" = {

[LUA-print] -     "code" = 59

[LUA-print] -     "key"  = "59"

[LUA-print] - }

[LUA-print] dump from: [string "D:/quick-cocos2dx/neverhide/src/app/scenes/ne..."]:49: in function 'listener_'

[LUA-print] - "<var>" = {

[LUA-print] -     "code" = 59

[LUA-print] -     "key"  = "59"

[LUA-print] - }

[LUA-print] dump from: [string "D:/quick-cocos2dx/neverhide/src/app/scenes/ne..."]:49: in function 'listener_'

[LUA-print] - "<var>" = {

[LUA-print] -     "code" = 26

[LUA-print] -     "key"  = "26"

[LUA-print] - }

[LUA-print] dump from: [string "D:/quick-cocos2dx/neverhide/src/app/scenes/ne..."]:49: in function 'listener_'

[LUA-print] - "<var>" = {

[LUA-print] -     "code" = 26

[LUA-print] -     "key"  = "26"

[LUA-print] - }

[LUA-print] dump from: [string "D:/quick-cocos2dx/neverhide/src/app/scenes/ne..."]:49: in function 'listener_'

[LUA-print] - "<var>" = {

[LUA-print] -     "code" = 59

[LUA-print] -     "key"  = "59"

[LUA-print] - }

[LUA-print] dump from: [string "D:/quick-cocos2dx/neverhide/src/app/scenes/ne..."]:49: in function 'listener_'

[LUA-print] - "<var>" = {

[LUA-print] -     "code" = 59

[LUA-print] -     "key"  = "59"

[LUA-print] - }

[LUA-print] dump from: [string "D:/quick-cocos2dx/neverhide/src/app/scenes/ne..."]:49: in function 'listener_'

[LUA-print] - "<var>" = {

[LUA-print] -     "code" = 59

[LUA-print] -     "key"  = "59"

[LUA-print] - }

[LUA-print] dump from: [string "D:/quick-cocos2dx/neverhide/src/app/scenes/ne..."]:49: in function 'listener_'

[LUA-print] - "<var>" = {

[LUA-print] -     "code" = 59

[LUA-print] -     "key"  = "59"

[LUA-print] - }

[LUA-print] dump from: [string "D:/quick-cocos2dx/neverhide/src/app/scenes/ne..."]:49: in function 'listener_'

[LUA-print] - "<var>" = {

[LUA-print] -     "code" = 27

[LUA-print] -     "key"  = "27"

[LUA-print] - }

[LUA-print] dump from: [string "D:/quick-cocos2dx/neverhide/src/app/scenes/ne..."]:49: in function 'listener_'

[LUA-print] - "<var>" = {

[LUA-print] -     "code" = 27

[LUA-print] -     "key"  = "27"

[LUA-print] - }

[LUA-print] dump from: [string "D:/quick-cocos2dx/neverhide/src/app/scenes/ne..."]:49: in function 'listener_'

[LUA-print] - "<var>" = {

[LUA-print] -     "code" = 59

[LUA-print] -     "key"  = "59"

[LUA-print] - }

[LUA-print] dump from: [string "D:/quick-cocos2dx/neverhide/src/app/scenes/ne..."]:49: in function 'listener_'

[LUA-print] - "<var>" = {

[LUA-print] -     "code" = 59

[LUA-print] -     "key"  = "59"

[LUA-print] - }

[LUA-print] dump from: [string "D:/quick-cocos2dx/neverhide/src/app/scenes/ne..."]:49: in function 'listener_'

[LUA-print] - "<var>" = {

[LUA-print] -     "code" = 27

[LUA-print] -     "key"  = "27"

[LUA-print] - }

[LUA-print] dump from: [string "D:/quick-cocos2dx/neverhide/src/app/scenes/ne..."]:49: in function 'listener_'

[LUA-print] - "<var>" = {

[LUA-print] -     "code" = 27

[LUA-print] -     "key"  = "27"

[LUA-print] - }

[LUA-print] dump from: [string "D:/quick-cocos2dx/neverhide/src/app/scenes/ne..."]:49: in function 'listener_'

[LUA-print] - "<var>" = {

[LUA-print] -     "code" = 59

[LUA-print] -     "key"  = "59"

[LUA-print] - }

[LUA-print] dump from: [string "D:/quick-cocos2dx/neverhide/src/app/scenes/ne..."]:49: in function 'listener_'

[LUA-print] - "<var>" = {

[LUA-print] -     "code" = 59

[LUA-print] -     "key"  = "59"

[LUA-print] - }

[LUA-print] checkGoundHit

[LUA-print] dump from: [string "D:/quick-cocos2dx/neverhide/src/app/scenes/ne..."]:126: in function 'resolvingPro'

[LUA-print] - "<var>" = {

[LUA-print] -     "1" = {

[LUA-print] -         "colorID" = "30001"

[LUA-print] -         "type"    = "block"

[LUA-print] -     }

[LUA-print] -     "2" = {

[LUA-print] -         "colorID" = "30002"

[LUA-print] -         "type"    = "block"

[LUA-print] -     }

[LUA-print] -     "3" = {

[LUA-print] -         "colorID" = "30003"

[LUA-print] -         "type"    = "block"

[LUA-print] -     }

[LUA-print] -     "4" = {

[LUA-print] -         "colorID" = "30003"

[LUA-print] -         "type"    = "color_change"

[LUA-print] -     }

[LUA-print] -     "5" = {

[LUA-print] -         "colorID" = "30002"

[LUA-print] -         "type"    = "color_change"

[LUA-print] -     }

[LUA-print] -     "6" = {

[LUA-print] -         "colorID" = "30001"

[LUA-print] -         "type"    = "color_change"

[LUA-print] -     }

[LUA-print] - }

[LUA-print] dump from: [string "D:/quick-cocos2dx/neverhide/src/app/scenes/ne..."]:49: in function 'listener_'

[LUA-print] - "<var>" = {

[LUA-print] -     "code" = 59

[LUA-print] -     "key"  = "59"

[LUA-print] - }

[LUA-print] dump from: [string "D:/quick-cocos2dx/neverhide/src/app/scenes/ne..."]:49: in function 'listener_'

[LUA-print] - "<var>" = {

[LUA-print] -     "code" = 59

[LUA-print] -     "key"  = "59"

[LUA-print] - }

[LUA-print] dump from: [string "D:/quick-cocos2dx/neverhide/src/app/scenes/ne..."]:49: in function 'listener_'

[LUA-print] - "<var>" = {

[LUA-print] -     "code" = 59

[LUA-print] -     "key"  = "59"

[LUA-print] - }

[LUA-print] dump from: [string "D:/quick-cocos2dx/neverhide/src/app/scenes/ne..."]:49: in function 'listener_'

[LUA-print] - "<var>" = {

[LUA-print] -     "code" = 59

[LUA-print] -     "key"  = "59"

[LUA-print] - }

[LUA-print] dump from: [string "D:/quick-cocos2dx/neverhide/src/app/scenes/ne..."]:49: in function 'listener_'

[LUA-print] - "<var>" = {

[LUA-print] -     "code" = 59

[LUA-print] -     "key"  = "59"

[LUA-print] - }

[LUA-print] dump from: [string "D:/quick-cocos2dx/neverhide/src/app/scenes/ne..."]:49: in function 'listener_'

[LUA-print] - "<var>" = {

[LUA-print] -     "code" = 59

[LUA-print] -     "key"  = "59"

[LUA-print] - }

[LUA-print] dump from: [string "D:/quick-cocos2dx/neverhide/src/app/scenes/ne..."]:49: in function 'listener_'

[LUA-print] - "<var>" = {

[LUA-print] -     "code" = 59

[LUA-print] -     "key"  = "59"

[LUA-print] - }

[LUA-print] dump from: [string "D:/quick-cocos2dx/neverhide/src/app/scenes/ne..."]:49: in function 'listener_'

[LUA-print] - "<var>" = {

[LUA-print] -     "code" = 59

[LUA-print] -     "key"  = "59"

[LUA-print] - }

[LUA-print] dump from: [string "D:/quick-cocos2dx/neverhide/src/app/scenes/ne..."]:49: in function 'listener_'

[LUA-print] - "<var>" = {

[LUA-print] -     "code" = 26

[LUA-print] -     "key"  = "26"

[LUA-print] - }

[LUA-print] dump from: [string "D:/quick-cocos2dx/neverhide/src/app/scenes/ne..."]:49: in function 'listener_'

[LUA-print] - "<var>" = {

[LUA-print] -     "code" = 26

[LUA-print] -     "key"  = "26"

[LUA-print] - }

[LUA-print] dump from: [string "D:/quick-cocos2dx/neverhide/src/app/scenes/ne..."]:49: in function 'listener_'

[LUA-print] - "<var>" = {

[LUA-print] -     "code" = 59

[LUA-print] -     "key"  = "59"

[LUA-print] - }

[LUA-print] dump from: [string "D:/quick-cocos2dx/neverhide/src/app/scenes/ne..."]:49: in function 'listener_'

[LUA-print] - "<var>" = {

[LUA-print] -     "code" = 59

[LUA-print] -     "key"  = "59"

[LUA-print] - }

[LUA-print] dump from: [string "D:/quick-cocos2dx/neverhide/src/app/scenes/ne..."]:49: in function 'listener_'

[LUA-print] - "<var>" = {

[LUA-print] -     "code" = 59

[LUA-print] -     "key"  = "59"

[LUA-print] - }

[LUA-print] dump from: [string "D:/quick-cocos2dx/neverhide/src/app/scenes/ne..."]:49: in function 'listener_'

[LUA-print] - "<var>" = {

[LUA-print] -     "code" = 59

[LUA-print] -     "key"  = "59"

[LUA-print] - }

[LUA-print] dump from: [string "D:/quick-cocos2dx/neverhide/src/app/scenes/ne..."]:49: in function 'listener_'

[LUA-print] - "<var>" = {

[LUA-print] -     "code" = 27

[LUA-print] -     "key"  = "27"

[LUA-print] - }

[LUA-print] dump from: [string "D:/quick-cocos2dx/neverhide/src/app/scenes/ne..."]:49: in function 'listener_'

[LUA-print] - "<var>" = {

[LUA-print] -     "code" = 27

[LUA-print] -     "key"  = "27"

[LUA-print] - }

[LUA-print] dump from: [string "D:/quick-cocos2dx/neverhide/src/app/scenes/ne..."]:49: in function 'listener_'

[LUA-print] - "<var>" = {

[LUA-print] -     "code" = 59

[LUA-print] -     "key"  = "59"

[LUA-print] - }

[LUA-print] dump from: [string "D:/quick-cocos2dx/neverhide/src/app/scenes/ne..."]:49: in function 'listener_'

[LUA-print] - "<var>" = {

[LUA-print] -     "code" = 59

[LUA-print] -     "key"  = "59"

[LUA-print] - }

[LUA-print] dump from: [string "D:/quick-cocos2dx/neverhide/src/app/scenes/ne..."]:49: in function 'listener_'

[LUA-print] - "<var>" = {

[LUA-print] -     "code" = 26

[LUA-print] -     "key"  = "26"

[LUA-print] - }

[LUA-print] dump from: [string "D:/quick-cocos2dx/neverhide/src/app/scenes/ne..."]:49: in function 'listener_'

[LUA-print] - "<var>" = {

[LUA-print] -     "code" = 26

[LUA-print] -     "key"  = "26"

[LUA-print] - }

[LUA-print] dump from: [string "D:/quick-cocos2dx/neverhide/src/app/scenes/ne..."]:49: in function 'listener_'

[LUA-print] - "<var>" = {

[LUA-print] -     "code" = 59

[LUA-print] -     "key"  = "59"

[LUA-print] - }

[LUA-print] dump from: [string "D:/quick-cocos2dx/neverhide/src/app/scenes/ne..."]:49: in function 'listener_'

[LUA-print] - "<var>" = {

[LUA-print] -     "code" = 59

[LUA-print] -     "key"  = "59"

[LUA-print] - }

[LUA-print] dump from: [string "D:/quick-cocos2dx/neverhide/src/app/scenes/ne..."]:49: in function 'listener_'

[LUA-print] - "<var>" = {

[LUA-print] -     "code" = 59

[LUA-print] -     "key"  = "59"

[LUA-print] - }

[LUA-print] dump from: [string "D:/quick-cocos2dx/neverhide/src/app/scenes/ne..."]:49: in function 'listener_'

[LUA-print] - "<var>" = {

[LUA-print] -     "code" = 59

[LUA-print] -     "key"  = "59"

[LUA-print] - }

[LUA-print] checkGoundHit

[LUA-print] dump from: [string "D:/quick-cocos2dx/neverhide/src/app/scenes/ne..."]:126: in function 'resolvingPro'

[LUA-print] - "<var>" = {

[LUA-print] -     "1" = {

[LUA-print] -         "colorID" = "30001"

[LUA-print] -         "type"    = "block"

[LUA-print] -     }

[LUA-print] -     "2" = {

[LUA-print] -         "colorID" = "30002"

[LUA-print] -         "type"    = "block"

[LUA-print] -     }

[LUA-print] -     "3" = {

[LUA-print] -         "colorID" = "30003"

[LUA-print] -         "type"    = "block"

[LUA-print] -     }

[LUA-print] -     "4" = {

[LUA-print] -         "colorID" = "30003"

[LUA-print] -         "type"    = "color_change"

[LUA-print] -     }

[LUA-print] -     "5" = {

[LUA-print] -         "colorID" = "30002"

[LUA-print] -         "type"    = "color_change"

[LUA-print] -     }

[LUA-print] -     "6" = {

[LUA-print] -         "colorID" = "30001"

[LUA-print] -         "type"    = "color_change"

[LUA-print] -     }

[LUA-print] - }

